<?xml version="1.0" encoding="UTF-8"?>
<!-- Generated by org.testng.reporters.JUnitXMLReporter -->
<testsuite ignored="0" hostname="LAPTOP-J2DL21N1" failures="1" tests="4" name="Dependency Test" time="0.039" errors="0" timestamp="2023-07-02T22:01:29 SELČ">
  <testcase classname="testcases.TestCase3" name="doUserReg" time="0.002">
    <failure type="java.lang.AssertionError" message="User not registered succesfully">
      <![CDATA[java.lang.AssertionError: User not registered succesfully
at testcases.TestCase3.doUserReg(TestCase3.java:17)
at java.base/java.util.ArrayList.forEach(ArrayList.java:1511)
... Removed 26 stack frames]]>
    </failure>
  </testcase> <!-- doUserReg -->
  <testcase classname="testcases.TestCase3" name="doLogin" time="0.0">
    <skipped/>
  </testcase> <!-- doLogin -->
  <testcase classname="testcases.TestCase3" name="thirdTest" time="0.007"/>
  <testcase classname="testcases.TestCase3" name="fouthTest" time="0.002"/>
</testsuite> <!-- Dependency Test -->
