<?xml version="1.0" encoding="UTF-8"?>
<!-- Generated by org.testng.reporters.JUnitReportReporter -->
<testsuite hostname="LAPTOP-J2DL21N1" failures="0" tests="2" name="testcases.TestCase1" time="0.014" errors="0" timestamp="2023-07-02T22:01:29 SELČ" skipped="0">
  <testcase classname="testcases.TestCase1" name="doUserReg" time="0.010"/>
  <testcase classname="testcases.TestCase1" name="doLogin" time="0.004"/>
  <system-out>
    <![CDATA[<a href="C:\Users\The God\Downloads\owl.jpg" target="_blank">Screenshot link</a>
<br>
<a href="C:\Users\The God\Downloads\owl.jpg" target="_blank"><img height=200 width=200 src="C:\Users\The God\Downloads\owl.jpg"></a>
<a href="C:\Users\The God\Downloads\owl.jpg" target="_blank">Screenshot link</a>
<br>
<a href="C:\Users\The God\Downloads\owl.jpg" target="_blank"><img height=200 width=200 src="C:\Users\The God\Downloads\owl.jpg"></a>
<a href="C:\Users\The God\Downloads\owl.jpg" target="_blank">Screenshot link</a>
<br>
<a href="C:\Users\The God\Downloads\owl.jpg" target="_blank"><img height=200 width=200 src="C:\Users\The God\Downloads\owl.jpg"></a>]]>
  </system-out>
</testsuite> <!-- testcases.TestCase1 -->
